<?xml version="1.0" encoding="UTF-8"?>
<!-- Generated by org.testng.reporters.JUnitReportReporter -->
<testsuite skipped="0" hostname="Hacker" name="com.qspiders.AutomationFramework.TestScript.MainScriptSkillRarry" tests="1" failures="0" timestamp="2022-06-08T12:27:05 IST" time="40.121" errors="0">
  <testcase name="Test1" time="40.121" classname="com.qspiders.AutomationFramework.TestScript.MainScriptSkillRarry"/>
  <system-out/>
</testsuite> <!-- com.qspiders.AutomationFramework.TestScript.MainScriptSkillRarry -->
